<?xml version="1.0" encoding="UTF-8"?>
<!-- Generated by org.testng.reporters.JUnitXMLReporter -->
<testsuite hostname="C02F9WE5Q6L4" ignored="0" name="Test-class test" tests="3" failures="1" timestamp="2021-11-24T10:39:32 IST" time="109.507" errors="0">
  <testcase name="runScenario" time="73.51" classname="io.cucumber.testng.AbstractTestNGCucumberTests"/>
  <testcase name="runScenario" time="83.834" classname="io.cucumber.testng.AbstractTestNGCucumberTests"/>
  <testcase name="runScenario" time="104.209" classname="io.cucumber.testng.AbstractTestNGCucumberTests">
    <failure type="io.cucumber.testng.UndefinedStepException" message="The step &amp;quot;User enters the belows details in the Request Call back form &amp;quot;Sunil&amp;quot;,&amp;quot;shankaramurthy&amp;quot;,&amp;quot;msunil1@gmail.com&amp;quot;,&amp;quot;0740000000&amp;quot;,&amp;quot;4 PM&amp;quot;,&amp;quot;Conveyancing&amp;quot;&amp;quot; is undefined. You can implement it using the snippet(s) below:

@When(&amp;quot;User enters the belows details in the Request Call back form {string},{string},{string},{string},{string},{string}&amp;quot;)
public void user_enters_the_belows_details_in_the_request_call_back_form(String string, String string2, String string3, String string4, String string5, String string6) {
    // Write code here that turns the phrase above into concrete actions
    throw new io.cucumber.java.PendingException();
}
">
      <![CDATA[io.cucumber.testng.UndefinedStepException: The step "User enters the belows details in the Request Call back form "Sunil","shankaramurthy","msunil1@gmail.com","0740000000","4 PM","Conveyancing"" is undefined. You can implement it using the snippet(s) below:

@When("User enters the belows details in the Request Call back form {string},{string},{string},{string},{string},{string}")
public void user_enters_the_belows_details_in_the_request_call_back_form(String string, String string2, String string3, String string4, String string5, String string6) {
    // Write code here that turns the phrase above into concrete actions
    throw new io.cucumber.java.PendingException();
}

at io.cucumber.core.runtime.TestCaseResultObserver.assertTestCasePassed(TestCaseResultObserver.java:102)
at io.cucumber.testng.TestCaseResultObserver.assertTestCasePassed(TestCaseResultObserver.java:23)
at io.cucumber.testng.TestNGCucumberRunner.lambda$runScenario$0(TestNGCucumberRunner.java:117)
at io.cucumber.core.runtime.CucumberExecutionContext.runTestCase(CucumberExecutionContext.java:117)
at io.cucumber.testng.TestNGCucumberRunner.runScenario(TestNGCucumberRunner.java:113)
at io.cucumber.testng.AbstractTestNGCucumberTests.runScenario(AbstractTestNGCucumberTests.java:31)
at java.util.concurrent.FutureTask.run(FutureTask.java:266)
at java.util.concurrent.Executors$RunnableAdapter.call(Executors.java:511)
at java.util.concurrent.FutureTask.run(FutureTask.java:266)
at java.util.concurrent.ThreadPoolExecutor.runWorker(ThreadPoolExecutor.java:1149)
at java.util.concurrent.ThreadPoolExecutor$Worker.run(ThreadPoolExecutor.java:624)
at java.lang.Thread.run(Thread.java:748)
... Removed 9 stack frames]]>
    </failure>
  </testcase> <!-- runScenario -->
</testsuite> <!-- Test-class test -->
