<?xml version="1.0" encoding="UTF-8"?>
<!-- Generated by org.testng.reporters.JUnitXMLReporter -->
<testsuite hostname="C02F9WE5Q6L4" ignored="0" name="Test-class test" tests="1" failures="0" timestamp="2021-11-25T18:37:34 IST" time="33.32" errors="0">
  <testcase name="runScenario" time="27.216" classname="io.cucumber.testng.AbstractTestNGCucumberTests"/>
</testsuite> <!-- Test-class test -->
