<?xml version="1.0" encoding="UTF-8"?>
<!-- Generated by org.testng.reporters.JUnitXMLReporter -->
<testsuite hostname="C02F9WE5Q6L4" ignored="0" name="Test-class test" tests="1" failures="0" timestamp="2022-08-08T04:49:41 BST" time="9.642" errors="0">
  <testcase name="runScenario" time="8.194" classname="io.cucumber.testng.AbstractTestNGCucumberTests"/>
</testsuite> <!-- Test-class test -->
