<?xml version="1.0" encoding="UTF-8"?>
<!-- Generated by org.testng.reporters.JUnitXMLReporter -->
<testsuite hostname="C02F9WE5Q6L4" ignored="0" name="Test-class test" tests="1" failures="0" timestamp="2021-11-25T13:59:31 IST" time="48.971" errors="0">
  <testcase name="runScenario" time="40.347" classname="io.cucumber.testng.AbstractTestNGCucumberTests"/>
</testsuite> <!-- Test-class test -->
