<?xml version="1.0" encoding="UTF-8"?>
<!-- Generated by org.testng.reporters.JUnitXMLReporter -->
<testsuite ignored="0" hostname="LAPTOP-BFGT652G" failures="0" tests="1" name="Test-class test" time="15.599" errors="0" timestamp="2021-09-24T20:46:38 BST">
  <testcase classname="io.cucumber.testng.AbstractTestNGCucumberTests" name="runScenario" time="13.239"/>
</testsuite> <!-- Test-class test -->
