<?xml version="1.0" encoding="UTF-8"?>
<!-- Generated by org.testng.reporters.JUnitReportReporter -->
<testsuite hostname="LAPTOP-BFGT652G" failures="0" tests="1" name="com.UI_Automation.runner.TestRunner" time="13.239" errors="0" timestamp="2021-09-24T20:46:38 BST" skipped="0">
  <testcase classname="com.UI_Automation.runner.TestRunner" name="runScenario" time="13.239"/>
  <system-out/>
</testsuite> <!-- com.UI_Automation.runner.TestRunner -->
