<?xml version="1.0" encoding="UTF-8"?>
<!-- Generated by org.testng.reporters.JUnitReportReporter -->
<testsuite skipped="0" hostname="C02F9WE5Q6L4" name="com.UI_Automation.runner.TestRunner" tests="1" failures="0" timestamp="2022-08-07T20:50:27 BST" time="14.556" errors="0">
  <testcase name="runScenario" time="14.556" classname="com.UI_Automation.runner.TestRunner"/>
  <system-out/>
</testsuite> <!-- com.UI_Automation.runner.TestRunner -->
